<?xml version="1.0" encoding="UTF-8"?>
<!-- Generated by org.testng.reporters.JUnitReportReporter -->
<testsuite hostname="osamas-MacBook-Air.local" failures="0" tests="1" name="com.jodayn.smoke.Register" time="13.794" errors="0" timestamp="2025-01-17T16:03:22 AST" skipped="0">
  <testcase classname="com.jodayn.smoke.Register" name="Registration" time="13.794"/>
</testsuite> <!-- com.jodayn.smoke.Register -->
