<?xml version="1.0" encoding="UTF-8"?>
<!-- Generated by org.testng.reporters.JUnitReportReporter -->
<testsuite hostname="osamas-MacBook-Air.local" failures="0" tests="1" name="com.jodayn.smoke.Logout" time="6.803" errors="0" timestamp="2025-01-19T00:56:29 AST" skipped="0">
  <testcase classname="com.jodayn.smoke.Logout" name="LogOut" time="6.803"/>
</testsuite> <!-- com.jodayn.smoke.Logout -->
